<?xml version="1.0" encoding="utf-8"?><testsuites name="pytest tests"><testsuite name="pytest" errors="0" failures="0" skipped="0" tests="10" time="22.402" timestamp="2026-06-22T04:35:33.005435+00:00" hostname="agent-env-e8669f15-e414-4987-b098-3ad09b643e6e"><testcase classname="backend.tests.test_fishcast" name="test_root" time="0.256" /><testcase classname="backend.tests.test_fishcast" name="test_geocode_returns_results" time="0.654" /><testcase classname="backend.tests.test_fishcast" name="test_reverse_geocode" time="0.608" /><testcase classname="backend.tests.test_fishcast" name="test_forecast_coastal_full_shape" time="0.643" /><testcase classname="backend.tests.test_fishcast" name="test_forecast_inland_no_marine" time="0.602" /><testcase classname="backend.tests.test_fishcast" name="test_ai_recommend" time="3.550" /><testcase classname="backend.tests.test_fishcast" name="test_ai_almanac_with_moon_and_tide" time="5.003" /><testcase classname="backend.tests.test_fishcast" name="test_ai_species" time="10.504" /><testcase classname="backend.tests.test_fishcast" name="test_spots_crud" time="0.218" /><testcase classname="backend.tests.test_fishcast" name="test_catches_crud" time="0.215" /></testsuite></testsuites>