<?xml version="1.0" encoding="utf-8"?><testsuites name="pytest tests"><testsuite name="pytest" errors="0" failures="0" skipped="0" tests="8" time="17.319" timestamp="2026-06-21T23:35:42.497854+00:00" hostname="agent-env-e8669f15-e414-4987-b098-3ad09b643e6e"><testcase classname="backend.tests.test_fishcast" name="test_root" time="0.247" /><testcase classname="backend.tests.test_fishcast" name="test_geocode_returns_results" time="0.619" /><testcase classname="backend.tests.test_fishcast" name="test_reverse_geocode" time="0.610" /><testcase classname="backend.tests.test_fishcast" name="test_forecast_structure" time="0.527" /><testcase classname="backend.tests.test_fishcast" name="test_ai_species" time="10.019" /><testcase classname="backend.tests.test_fishcast" name="test_ai_almanac" time="4.807" /><testcase classname="backend.tests.test_fishcast" name="test_spots_crud" time="0.230" /><testcase classname="backend.tests.test_fishcast" name="test_catches_crud" time="0.184" /></testsuite></testsuites>